{
  "stats": {
    "suites": 1,
    "tests": 1,
    "passes": 1,
    "pending": 0,
    "failures": 0,
    "start": "2022-08-26T10:37:16.492Z",
    "end": "2022-08-26T10:37:36.674Z",
    "duration": 20182,
    "testsRegistered": 1,
    "passPercent": 100,
    "pendingPercent": 0,
    "other": 0,
    "hasOther": false,
    "skipped": 0,
    "hasSkipped": false
  },
  "results": [
    {
      "uuid": "5e7ae12f-3ac5-4bfc-b662-b01d2b26fd67",
      "title": "",
      "fullFile": "cypress/integration/products/search/visual.spec.js",
      "file": "cypress/integration/products/search/visual.spec.js",
      "beforeHooks": [],
      "afterHooks": [],
      "tests": [],
      "suites": [
        {
          "uuid": "0e08a941-16b9-4e0c-bc6e-e7ff4f3e314c",
          "title": "Facebook Visit",
          "fullFile": "",
          "file": "",
          "beforeHooks": [],
          "afterHooks": [],
          "tests": [
            {
              "title": "Check home page",
              "fullTitle": "Facebook Visit Check home page",
              "timedOut": null,
              "duration": 14893,
              "state": "passed",
              "speed": "slow",
              "pass": true,
              "fail": false,
              "pending": false,
              "context": null,
              "code": "cy.screenshot();\ncy.percySnapshot();",
              "err": {},
              "uuid": "029d32ce-3209-49af-976a-0636c27b7e10",
              "parentUUID": "0e08a941-16b9-4e0c-bc6e-e7ff4f3e314c",
              "isHook": false,
              "skipped": false
            }
          ],
          "suites": [],
          "passes": [
            "029d32ce-3209-49af-976a-0636c27b7e10"
          ],
          "failures": [],
          "pending": [],
          "skipped": [],
          "duration": 14893,
          "root": false,
          "rootEmpty": false,
          "_timeout": 2000
        }
      ],
      "passes": [],
      "failures": [],
      "pending": [],
      "skipped": [],
      "duration": 0,
      "root": true,
      "rootEmpty": true,
      "_timeout": 2000
    }
  ],
  "meta": {
    "mocha": {
      "version": "7.0.1"
    },
    "mochawesome": {
      "options": {
        "quiet": false,
        "reportFilename": "mochawesome",
        "saveHtml": true,
        "saveJson": true,
        "consoleReporter": "spec",
        "useInlineDiffs": false,
        "code": true
      },
      "version": "7.1.3"
    },
    "marge": {
      "options": {
        "reportDir": "results"
      },
      "version": "6.2.0"
    }
  }
}